<?xml version="1.0" encoding="UTF-8"?>
<!-- Generated by org.testng.reporters.JUnitReportReporter -->
<testsuite hostname="APH10126" failures="0" tests="2" name="mavenproject.mavenproject1.testNgExample" time="0.007" errors="0" timestamp="2022-10-17T14:36:23 IST" skipped="0">
  <testcase classname="mavenproject.mavenproject1.testNgExample" name="sub" time="0.007"/>
  <testcase classname="mavenproject.mavenproject1.testNgExample" name="mul" time="0.000"/>
</testsuite> <!-- mavenproject.mavenproject1.testNgExample -->
