<?xml version="1.0" encoding="UTF-8"?>
<!-- Generated by org.testng.reporters.JUnitReportReporter -->
<testsuite hostname="APH10126" failures="0" tests="3" name="mavenproject.mavenproject1.demoTestNg" time="0.007" errors="0" timestamp="2022-10-17T14:26:32 IST" skipped="0">
  <testcase classname="mavenproject.mavenproject1.demoTestNg" name="AC3" time="0.006"/>
  <testcase classname="mavenproject.mavenproject1.demoTestNg" name="TC1" time="0.001"/>
  <testcase classname="mavenproject.mavenproject1.demoTestNg" name="TC2" time="0.000"/>
</testsuite> <!-- mavenproject.mavenproject1.demoTestNg -->
