<?xml version="1.0" encoding="UTF-8"?>
<!-- Generated by org.testng.reporters.JUnitReportReporter -->
<testsuite hostname="APH10126" failures="0" tests="2" name="JPetStore.JPetStoreAutomation.JPetStoreLogin" time="12.038" errors="0" timestamp="2022-10-19T11:14:38 IST" skipped="0">
  <testcase classname="JPetStore.JPetStoreAutomation.JPetStoreLogin" name="login" time="6.692"/>
  <testcase classname="JPetStore.JPetStoreAutomation.JPetStoreLogin" name="invoke" time="5.346"/>
</testsuite> <!-- JPetStore.JPetStoreAutomation.JPetStoreLogin -->
