<?xml version="1.0" encoding="UTF-8"?>
<!-- Generated by org.testng.reporters.JUnitReportReporter -->
<testsuite hostname="APH10126" failures="0" tests="1" name="mavenproject.mavenprojectTest.drafAndDrop" time="133.147" errors="0" timestamp="2022-10-17T17:40:52 IST" skipped="0">
  <testcase classname="mavenproject.mavenprojectTest.drafAndDrop" name="dragDrop" time="133.147"/>
</testsuite> <!-- mavenproject.mavenprojectTest.drafAndDrop -->
